<html>
<head>
<title>TestNG:  MyFirstTestCase</title>
<link href="../testng.css" rel="stylesheet" type="text/css" />
<link href="../my-testng.css" rel="stylesheet" type="text/css" />

<style type="text/css">
.log { display: none;} 
.stack-trace { display: none;} 
</style>
<script type="text/javascript">
<!--
function flip(e) {
  current = e.style.display;
  if (current == 'block') {
    e.style.display = 'none';
    return 0;
  }
  else {
    e.style.display = 'block';
    return 1;
  }
}

function toggleBox(szDivId, elem, msg1, msg2)
{
  var res = -1;  if (document.getElementById) {
    res = flip(document.getElementById(szDivId));
  }
  else if (document.all) {
    // this is the way old msie versions work
    res = flip(document.all[szDivId]);
  }
  if(elem) {
    if(res == 0) elem.innerHTML = msg1; else elem.innerHTML = msg2;
  }

}

function toggleAllBoxes() {
  if (document.getElementsByTagName) {
    d = document.getElementsByTagName('div');
    for (i = 0; i < d.length; i++) {
      if (d[i].className == 'log') {
        flip(d[i]);
      }
    }
  }
}

// -->
</script>

</head>
<body>
<h2 align='center'>MyFirstTestCase</h2><table border='1' align="center">
<tr>
<td>Tests passed/Failed/Skipped:</td><td>6/1/1</td>
</tr><tr>
<td>Started on:</td><td>Mon Dec 31 14:43:20 IST 2018</td>
</tr>
<tr><td>Total time:</td><td>0 seconds (214 ms)</td>
</tr><tr>
<td>Included groups:</td><td></td>
</tr><tr>
<td>Excluded groups:</td><td></td>
</tr>
</table><p/>
<small><i>(Hover the method name to see the test class name)</i></small><p/>
<table width='100%' border='1' class='invocation-failed'>
<tr><td colspan='4' align='center'><b>FAILED TESTS</b></td></tr>
<tr><td><b>Test method</b></td>
<td width="30%"><b>Exception</b></td>
<td width="10%"><b>Time (seconds)</b></td>
<td><b>Instance</b></td>
</tr>
<tr>
<td title='testNG.ListnerTestClass.test4()'><b>test4</b><br>Test class: testNG.ListnerTestClass<br/>
<a href="#Output-1987083830" onClick='toggleBox("Output-1987083830", this, "Show output", "Hide output");'>Show output</a>

<a href="#Output-1987083830" onClick="toggleAllBoxes();">Show all outputs</a>
<div class='log' id="Output-1987083830">
Starting Test is test4<br/>
Starting Test is test4<br/>
Test Failed test4<br/>
Test Failed test4<br/>
</div>
</td>
<td><div><pre>java.lang.AssertionError: expected [true] but found [false]
	at testNG.ListnerTestClass.test4(ListnerTestClass.java:41)
... Removed 29 stack frames</pre></div><a href='#' onClick='toggleBox("stack-trace1987083830", this, "Click to show all stack frames", "Click to hide stack frames")'>Click to show all stack frames</a>
<div class='stack-trace' id='stack-trace1987083830'><pre>java.lang.AssertionError: expected [true] but found [false]
	at org.testng.Assert.fail(Assert.java:96)
	at org.testng.Assert.failNotEquals(Assert.java:776)
	at org.testng.Assert.assertTrue(Assert.java:44)
	at org.testng.Assert.assertTrue(Assert.java:54)
	at testNG.ListnerTestClass.test4(ListnerTestClass.java:41)
	at sun.reflect.NativeMethodAccessorImpl.invoke0(Native Method)
	at sun.reflect.NativeMethodAccessorImpl.invoke(Unknown Source)
	at sun.reflect.DelegatingMethodAccessorImpl.invoke(Unknown Source)
	at java.lang.reflect.Method.invoke(Unknown Source)
	at org.testng.internal.MethodInvocationHelper.invokeMethod(MethodInvocationHelper.java:124)
	at org.testng.internal.Invoker.invokeMethod(Invoker.java:571)
	at org.testng.internal.Invoker.invokeTestMethod(Invoker.java:707)
	at org.testng.internal.Invoker.invokeTestMethods(Invoker.java:979)
	at org.testng.internal.TestMethodWorker.invokeTestMethods(TestMethodWorker.java:125)
	at org.testng.internal.TestMethodWorker.run(TestMethodWorker.java:109)
	at org.testng.TestRunner.privateRun(TestRunner.java:648)
	at org.testng.TestRunner.run(TestRunner.java:505)
	at org.testng.SuiteRunner.runTest(SuiteRunner.java:455)
	at org.testng.SuiteRunner.runSequentially(SuiteRunner.java:450)
	at org.testng.SuiteRunner.privateRun(SuiteRunner.java:415)
	at org.testng.SuiteRunner.run(SuiteRunner.java:364)
	at org.testng.SuiteRunnerWorker.runSuite(SuiteRunnerWorker.java:52)
	at org.testng.SuiteRunnerWorker.run(SuiteRunnerWorker.java:84)
	at org.testng.TestNG.runSuitesSequentially(TestNG.java:1187)
	at org.testng.TestNG.runSuitesLocally(TestNG.java:1116)
	at org.testng.TestNG.runSuites(TestNG.java:1028)
	at org.testng.TestNG.run(TestNG.java:996)
	at org.testng.remote.AbstractRemoteTestNG.run(AbstractRemoteTestNG.java:114)
	at org.testng.remote.RemoteTestNG.initAndRun(RemoteTestNG.java:251)
	at org.testng.remote.RemoteTestNG.main(RemoteTestNG.java:77)
</pre></div></td>
<td>0</td>
<td>testNG.ListnerTestClass@5e3a8624</td></tr>
</table><p>
<table width='100%' border='1' class='invocation-percent'>
<tr><td colspan='4' align='center'><b>FAILED TESTS BUT WITHIN SUCCESS PERCENTAGE</b></td></tr>
<tr><td><b>Test method</b></td>
<td width="30%"><b>Exception</b></td>
<td width="10%"><b>Time (seconds)</b></td>
<td><b>Instance</b></td>
</tr>
<tr>
<td title='testNG.ListnerTestClass.test3()'><b>test3</b><br>Test class: testNG.ListnerTestClass<br/>
<a href="#Output-2083117811" onClick='toggleBox("Output-2083117811", this, "Show output", "Hide output");'>Show output</a>

<a href="#Output-2083117811" onClick="toggleAllBoxes();">Show all outputs</a>
<div class='log' id="Output-2083117811">
Starting Test is test3<br/>
Starting Test is test3<br/>
Test finished based on % test3<br/>
Test finished based on % test3<br/>
</div>
</td>
<td><div><pre>java.lang.AssertionError: expected [8] but found [1]
	at testNG.ListnerTestClass.test3(ListnerTestClass.java:33)
... Removed 31 stack frames</pre></div><a href='#' onClick='toggleBox("stack-trace2083117811", this, "Click to show all stack frames", "Click to hide stack frames")'>Click to show all stack frames</a>
<div class='stack-trace' id='stack-trace2083117811'><pre>java.lang.AssertionError: expected [8] but found [1]
	at org.testng.Assert.fail(Assert.java:96)
	at org.testng.Assert.failNotEquals(Assert.java:776)
	at org.testng.Assert.assertEqualsImpl(Assert.java:137)
	at org.testng.Assert.assertEquals(Assert.java:118)
	at org.testng.Assert.assertEquals(Assert.java:652)
	at org.testng.Assert.assertEquals(Assert.java:662)
	at testNG.ListnerTestClass.test3(ListnerTestClass.java:33)
	at sun.reflect.NativeMethodAccessorImpl.invoke0(Native Method)
	at sun.reflect.NativeMethodAccessorImpl.invoke(Unknown Source)
	at sun.reflect.DelegatingMethodAccessorImpl.invoke(Unknown Source)
	at java.lang.reflect.Method.invoke(Unknown Source)
	at org.testng.internal.MethodInvocationHelper.invokeMethod(MethodInvocationHelper.java:124)
	at org.testng.internal.Invoker.invokeMethod(Invoker.java:571)
	at org.testng.internal.Invoker.invokeTestMethod(Invoker.java:707)
	at org.testng.internal.Invoker.invokeTestMethods(Invoker.java:979)
	at org.testng.internal.TestMethodWorker.invokeTestMethods(TestMethodWorker.java:125)
	at org.testng.internal.TestMethodWorker.run(TestMethodWorker.java:109)
	at org.testng.TestRunner.privateRun(TestRunner.java:648)
	at org.testng.TestRunner.run(TestRunner.java:505)
	at org.testng.SuiteRunner.runTest(SuiteRunner.java:455)
	at org.testng.SuiteRunner.runSequentially(SuiteRunner.java:450)
	at org.testng.SuiteRunner.privateRun(SuiteRunner.java:415)
	at org.testng.SuiteRunner.run(SuiteRunner.java:364)
	at org.testng.SuiteRunnerWorker.runSuite(SuiteRunnerWorker.java:52)
	at org.testng.SuiteRunnerWorker.run(SuiteRunnerWorker.java:84)
	at org.testng.TestNG.runSuitesSequentially(TestNG.java:1187)
	at org.testng.TestNG.runSuitesLocally(TestNG.java:1116)
	at org.testng.TestNG.runSuites(TestNG.java:1028)
	at org.testng.TestNG.run(TestNG.java:996)
	at org.testng.remote.AbstractRemoteTestNG.run(AbstractRemoteTestNG.java:114)
	at org.testng.remote.RemoteTestNG.initAndRun(RemoteTestNG.java:251)
	at org.testng.remote.RemoteTestNG.main(RemoteTestNG.java:77)
</pre></div></td>
<td>0</td>
<td>testNG.ListnerTestClass@5e3a8624</td></tr>
<tr>
<td title='testNG.ListnerTestClass.test3()'><b>test3</b><br>Test class: testNG.ListnerTestClass<br/>
<a href="#Output-2097514481" onClick='toggleBox("Output-2097514481", this, "Show output", "Hide output");'>Show output</a>

<a href="#Output-2097514481" onClick="toggleAllBoxes();">Show all outputs</a>
<div class='log' id="Output-2097514481">
Starting Test is test3<br/>
Starting Test is test3<br/>
Test finished based on % test3<br/>
Test finished based on % test3<br/>
</div>
</td>
<td><div><pre>java.lang.AssertionError: expected [8] but found [2]
	at testNG.ListnerTestClass.test3(ListnerTestClass.java:33)
... Removed 31 stack frames</pre></div><a href='#' onClick='toggleBox("stack-trace2097514481", this, "Click to show all stack frames", "Click to hide stack frames")'>Click to show all stack frames</a>
<div class='stack-trace' id='stack-trace2097514481'><pre>java.lang.AssertionError: expected [8] but found [2]
	at org.testng.Assert.fail(Assert.java:96)
	at org.testng.Assert.failNotEquals(Assert.java:776)
	at org.testng.Assert.assertEqualsImpl(Assert.java:137)
	at org.testng.Assert.assertEquals(Assert.java:118)
	at org.testng.Assert.assertEquals(Assert.java:652)
	at org.testng.Assert.assertEquals(Assert.java:662)
	at testNG.ListnerTestClass.test3(ListnerTestClass.java:33)
	at sun.reflect.NativeMethodAccessorImpl.invoke0(Native Method)
	at sun.reflect.NativeMethodAccessorImpl.invoke(Unknown Source)
	at sun.reflect.DelegatingMethodAccessorImpl.invoke(Unknown Source)
	at java.lang.reflect.Method.invoke(Unknown Source)
	at org.testng.internal.MethodInvocationHelper.invokeMethod(MethodInvocationHelper.java:124)
	at org.testng.internal.Invoker.invokeMethod(Invoker.java:571)
	at org.testng.internal.Invoker.invokeTestMethod(Invoker.java:707)
	at org.testng.internal.Invoker.invokeTestMethods(Invoker.java:979)
	at org.testng.internal.TestMethodWorker.invokeTestMethods(TestMethodWorker.java:125)
	at org.testng.internal.TestMethodWorker.run(TestMethodWorker.java:109)
	at org.testng.TestRunner.privateRun(TestRunner.java:648)
	at org.testng.TestRunner.run(TestRunner.java:505)
	at org.testng.SuiteRunner.runTest(SuiteRunner.java:455)
	at org.testng.SuiteRunner.runSequentially(SuiteRunner.java:450)
	at org.testng.SuiteRunner.privateRun(SuiteRunner.java:415)
	at org.testng.SuiteRunner.run(SuiteRunner.java:364)
	at org.testng.SuiteRunnerWorker.runSuite(SuiteRunnerWorker.java:52)
	at org.testng.SuiteRunnerWorker.run(SuiteRunnerWorker.java:84)
	at org.testng.TestNG.runSuitesSequentially(TestNG.java:1187)
	at org.testng.TestNG.runSuitesLocally(TestNG.java:1116)
	at org.testng.TestNG.runSuites(TestNG.java:1028)
	at org.testng.TestNG.run(TestNG.java:996)
	at org.testng.remote.AbstractRemoteTestNG.run(AbstractRemoteTestNG.java:114)
	at org.testng.remote.RemoteTestNG.initAndRun(RemoteTestNG.java:251)
	at org.testng.remote.RemoteTestNG.main(RemoteTestNG.java:77)
</pre></div></td>
<td>0</td>
<td>testNG.ListnerTestClass@5e3a8624</td></tr>
</table><p>
<table width='100%' border='1' class='invocation-passed'>
<tr><td colspan='4' align='center'><b>PASSED TESTS</b></td></tr>
<tr><td><b>Test method</b></td>
<td width="30%"><b>Exception</b></td>
<td width="10%"><b>Time (seconds)</b></td>
<td><b>Instance</b></td>
</tr>
<tr>
<td title='testNG.ListnerTestClass.test1()'><b>test1</b><br>Test class: testNG.ListnerTestClass<br/>
<a href="#Output-1846412426" onClick='toggleBox("Output-1846412426", this, "Show output", "Hide output");'>Show output</a>

<a href="#Output-1846412426" onClick="toggleAllBoxes();">Show all outputs</a>
<div class='log' id="Output-1846412426">
Starting Test is test1<br/>
Starting Test is test1<br/>
Test Passedtest1<br/>
Test Passedtest1<br/>
</div>
</td>
<td></td>
<td>0</td>
<td>testNG.ListnerTestClass@5e3a8624</td></tr>
<tr>
<td title='testNG.ListnerTestClass.test3()'><b>test3</b><br>Test class: testNG.ListnerTestClass<br/>
<a href="#Output-706197430" onClick='toggleBox("Output-706197430", this, "Show output", "Hide output");'>Show output</a>

<a href="#Output-706197430" onClick="toggleAllBoxes();">Show all outputs</a>
<div class='log' id="Output-706197430">
Starting Test is test3<br/>
Starting Test is test3<br/>
Test Passedtest3<br/>
Test Passedtest3<br/>
</div>
</td>
<td></td>
<td>0</td>
<td>testNG.ListnerTestClass@5e3a8624</td></tr>
<tr>
<td title='testNG.ListnerTestClass.test3()'><b>test3</b><br>Test class: testNG.ListnerTestClass<br/>
<a href="#Output-1325808650" onClick='toggleBox("Output-1325808650", this, "Show output", "Hide output");'>Show output</a>

<a href="#Output-1325808650" onClick="toggleAllBoxes();">Show all outputs</a>
<div class='log' id="Output-1325808650">
Starting Test is test3<br/>
Starting Test is test3<br/>
Test Passedtest3<br/>
Test Passedtest3<br/>
</div>
</td>
<td></td>
<td>0</td>
<td>testNG.ListnerTestClass@5e3a8624</td></tr>
<tr>
<td title='testNG.ListnerTestClass.test3()'><b>test3</b><br>Test class: testNG.ListnerTestClass<br/>
<a href="#Output-510464020" onClick='toggleBox("Output-510464020", this, "Show output", "Hide output");'>Show output</a>

<a href="#Output-510464020" onClick="toggleAllBoxes();">Show all outputs</a>
<div class='log' id="Output-510464020">
Starting Test is test3<br/>
Starting Test is test3<br/>
Test Passedtest3<br/>
Test Passedtest3<br/>
</div>
</td>
<td></td>
<td>0</td>
<td>testNG.ListnerTestClass@5e3a8624</td></tr>
</table><p>
<table width='100%' border='1' class='invocation-skipped'>
<tr><td colspan='4' align='center'><b>SKIPPED TESTS</b></td></tr>
<tr><td><b>Test method</b></td>
<td width="30%"><b>Exception</b></td>
<td width="10%"><b>Time (seconds)</b></td>
<td><b>Instance</b></td>
</tr>
<tr>
<td title='testNG.ListnerTestClass.test2()'><b>test2</b><br>Test class: testNG.ListnerTestClass<br/>
<a href="#Output-1270855946" onClick='toggleBox("Output-1270855946", this, "Show output", "Hide output");'>Show output</a>

<a href="#Output-1270855946" onClick="toggleAllBoxes();">Show all outputs</a>
<div class='log' id="Output-1270855946">
Starting Test is test2<br/>
Starting Test is test2<br/>
Test skipped test2<br/>
Test skipped test2<br/>
</div>
</td>
<td><div><pre>org.testng.SkipException: This test case is skipped
	at testNG.ListnerTestClass.test2(ListnerTestClass.java:22)
... Removed 25 stack frames</pre></div><a href='#' onClick='toggleBox("stack-trace1270855946", this, "Click to show all stack frames", "Click to hide stack frames")'>Click to show all stack frames</a>
<div class='stack-trace' id='stack-trace1270855946'><pre>org.testng.SkipException: This test case is skipped
	at testNG.ListnerTestClass.test2(ListnerTestClass.java:22)
	at sun.reflect.NativeMethodAccessorImpl.invoke0(Native Method)
	at sun.reflect.NativeMethodAccessorImpl.invoke(Unknown Source)
	at sun.reflect.DelegatingMethodAccessorImpl.invoke(Unknown Source)
	at java.lang.reflect.Method.invoke(Unknown Source)
	at org.testng.internal.MethodInvocationHelper.invokeMethod(MethodInvocationHelper.java:124)
	at org.testng.internal.Invoker.invokeMethod(Invoker.java:571)
	at org.testng.internal.Invoker.invokeTestMethod(Invoker.java:707)
	at org.testng.internal.Invoker.invokeTestMethods(Invoker.java:979)
	at org.testng.internal.TestMethodWorker.invokeTestMethods(TestMethodWorker.java:125)
	at org.testng.internal.TestMethodWorker.run(TestMethodWorker.java:109)
	at org.testng.TestRunner.privateRun(TestRunner.java:648)
	at org.testng.TestRunner.run(TestRunner.java:505)
	at org.testng.SuiteRunner.runTest(SuiteRunner.java:455)
	at org.testng.SuiteRunner.runSequentially(SuiteRunner.java:450)
	at org.testng.SuiteRunner.privateRun(SuiteRunner.java:415)
	at org.testng.SuiteRunner.run(SuiteRunner.java:364)
	at org.testng.SuiteRunnerWorker.runSuite(SuiteRunnerWorker.java:52)
	at org.testng.SuiteRunnerWorker.run(SuiteRunnerWorker.java:84)
	at org.testng.TestNG.runSuitesSequentially(TestNG.java:1187)
	at org.testng.TestNG.runSuitesLocally(TestNG.java:1116)
	at org.testng.TestNG.runSuites(TestNG.java:1028)
	at org.testng.TestNG.run(TestNG.java:996)
	at org.testng.remote.AbstractRemoteTestNG.run(AbstractRemoteTestNG.java:114)
	at org.testng.remote.RemoteTestNG.initAndRun(RemoteTestNG.java:251)
	at org.testng.remote.RemoteTestNG.main(RemoteTestNG.java:77)
</pre></div></td>
<td>0</td>
<td>testNG.ListnerTestClass@5e3a8624</td></tr>
</table><p>
</body>
</html>